<?xml version="1.0" encoding="UTF-8"?>
<!-- Generated by org.testng.reporters.JUnitXMLReporter -->
<testsuite hostname="DESKTOP-DELL" ignored="0" name="Default test" tests="3" failures="0" timestamp="30 Jun 2021 10:50:25 GMT" time="9.203" errors="0">
  <testcase name="launchapp" time="2.285" classname="com.report.demo.TC_2_LaunchGoogle"/>
  <testcase name="launchapp" time="3.039" classname="com.report.demo.TC_1_LaunchAmazon"/>
  <testcase name="launchapp" time="3.848" classname="com.report.demo.TC_3_LaunchYatra"/>
</testsuite> <!-- Default test -->
