<?xml version="1.0" encoding="UTF-8"?>
<!-- Generated by org.testng.reporters.JUnitXMLReporter -->
<testsuite hostname="DESKTOP-DELL" ignored="0" name="testng.xml" tests="6" failures="0" timestamp="07 Jun 2021 12:41:12 GMT" time="0.043" errors="0">
  <testcase name="test_one" time="0.008" classname="com.jenkins.demo.SampleTest_1"/>
  <testcase name="test_one" time="0.001" classname="com.jenkins.demo.SampleTest_2"/>
  <testcase name="test_two" time="0.001" classname="com.jenkins.demo.SampleTest_1"/>
  <testcase name="test_two" time="0.002" classname="com.jenkins.demo.SampleTest_2"/>
  <testcase name="test_three" time="0.002" classname="com.jenkins.demo.SampleTest_1"/>
  <testcase name="test_three" time="0.002" classname="com.jenkins.demo.SampleTest_2"/>
</testsuite> <!-- testng.xml -->
