<?xml version="1.0" encoding="UTF-8"?>
<testng-results skipped="0" failed="0" ignored="0" total="6" passed="6">
  <reporter-output>
  </reporter-output>
  <suite name="Suite" duration-ms="43" started-at="2021-06-07T12:41:12Z" finished-at="2021-06-07T12:41:12Z">
    <groups>
    </groups>
    <test name="testng.xml" duration-ms="43" started-at="2021-06-07T12:41:12Z" finished-at="2021-06-07T12:41:12Z">
      <class name="com.jenkins.demo.SampleTest_2">
        <test-method status="PASS" signature="test_one()[pri:1, instance:com.jenkins.demo.SampleTest_2@643b1d11]" name="test_one" duration-ms="1" started-at="2021-06-07T12:41:12Z" finished-at="2021-06-07T12:41:12Z">
          <reporter-output>
          </reporter-output>
        </test-method> <!-- test_one -->
        <test-method status="PASS" signature="test_two()[pri:2, instance:com.jenkins.demo.SampleTest_2@643b1d11]" name="test_two" duration-ms="2" started-at="2021-06-07T12:41:12Z" finished-at="2021-06-07T12:41:12Z">
          <reporter-output>
          </reporter-output>
        </test-method> <!-- test_two -->
        <test-method status="PASS" signature="test_three()[pri:3, instance:com.jenkins.demo.SampleTest_2@643b1d11]" name="test_three" duration-ms="2" started-at="2021-06-07T12:41:12Z" finished-at="2021-06-07T12:41:12Z">
          <reporter-output>
          </reporter-output>
        </test-method> <!-- test_three -->
      </class> <!-- com.jenkins.demo.SampleTest_2 -->
      <class name="com.jenkins.demo.SampleTest_1">
        <test-method status="PASS" signature="test_one()[pri:1, instance:com.jenkins.demo.SampleTest_1@6cc4c815]" name="test_one" duration-ms="8" started-at="2021-06-07T12:41:12Z" finished-at="2021-06-07T12:41:12Z">
          <reporter-output>
          </reporter-output>
        </test-method> <!-- test_one -->
        <test-method status="PASS" signature="test_two()[pri:2, instance:com.jenkins.demo.SampleTest_1@6cc4c815]" name="test_two" duration-ms="1" started-at="2021-06-07T12:41:12Z" finished-at="2021-06-07T12:41:12Z">
          <reporter-output>
          </reporter-output>
        </test-method> <!-- test_two -->
        <test-method status="PASS" signature="test_three()[pri:3, instance:com.jenkins.demo.SampleTest_1@6cc4c815]" name="test_three" duration-ms="2" started-at="2021-06-07T12:41:12Z" finished-at="2021-06-07T12:41:12Z">
          <reporter-output>
          </reporter-output>
        </test-method> <!-- test_three -->
      </class> <!-- com.jenkins.demo.SampleTest_1 -->
    </test> <!-- testng.xml -->
  </suite> <!-- Suite -->
</testng-results>
